[08-Jan-2020 11:34:40 UTC] PHP Notice:  Undefined variable: urlSlug in /Users/lazaro/Dropbox (Lazaro)/Indis/04 Development/01 Build/indis-website-v1/adi/inc/above.php on line 35
[08-Jan-2020 11:34:40 UTC] PHP Notice:  Undefined variable: urlSlug in /Users/lazaro/Dropbox (Lazaro)/Indis/04 Development/01 Build/indis-website-v1/adi/inc/above.php on line 50
[08-Jan-2020 11:34:41 UTC] PHP Notice:  Undefined variable: urlSlug in /Users/lazaro/Dropbox (Lazaro)/Indis/04 Development/01 Build/indis-website-v1/adi/inc/above.php on line 35
[08-Jan-2020 11:34:41 UTC] PHP Notice:  Undefined variable: urlSlug in /Users/lazaro/Dropbox (Lazaro)/Indis/04 Development/01 Build/indis-website-v1/adi/inc/above.php on line 50
[08-Jan-2020 11:34:41 UTC] PHP Notice:  Undefined variable: urlSlug in /Users/lazaro/Dropbox (Lazaro)/Indis/04 Development/01 Build/indis-website-v1/adi/inc/above.php on line 35
[08-Jan-2020 11:34:41 UTC] PHP Notice:  Undefined variable: urlSlug in /Users/lazaro/Dropbox (Lazaro)/Indis/04 Development/01 Build/indis-website-v1/adi/inc/above.php on line 50
[08-Jan-2020 11:34:42 UTC] PHP Notice:  Undefined variable: urlSlug in /Users/lazaro/Dropbox (Lazaro)/Indis/04 Development/01 Build/indis-website-v1/adi/inc/above.php on line 35
[08-Jan-2020 11:34:42 UTC] PHP Notice:  Undefined variable: urlSlug in /Users/lazaro/Dropbox (Lazaro)/Indis/04 Development/01 Build/indis-website-v1/adi/inc/above.php on line 50
[08-Jan-2020 11:42:11 UTC] PHP Notice:  Undefined variable: urlSlug in /Users/lazaro/Dropbox (Lazaro)/Indis/04 Development/01 Build/indis-website-v1/adi/inc/above.php on line 35
[08-Jan-2020 11:42:11 UTC] PHP Notice:  Undefined variable: urlSlug in /Users/lazaro/Dropbox (Lazaro)/Indis/04 Development/01 Build/indis-website-v1/adi/inc/above.php on line 50
[08-Jan-2020 11:42:12 UTC] PHP Notice:  Undefined variable: urlSlug in /Users/lazaro/Dropbox (Lazaro)/Indis/04 Development/01 Build/indis-website-v1/adi/inc/above.php on line 35
[08-Jan-2020 11:42:12 UTC] PHP Notice:  Undefined variable: urlSlug in /Users/lazaro/Dropbox (Lazaro)/Indis/04 Development/01 Build/indis-website-v1/adi/inc/above.php on line 50
[08-Jan-2020 11:42:13 UTC] PHP Notice:  Undefined variable: urlSlug in /Users/lazaro/Dropbox (Lazaro)/Indis/04 Development/01 Build/indis-website-v1/adi/inc/above.php on line 35
[08-Jan-2020 11:42:13 UTC] PHP Notice:  Undefined variable: urlSlug in /Users/lazaro/Dropbox (Lazaro)/Indis/04 Development/01 Build/indis-website-v1/adi/inc/above.php on line 50
[08-Jan-2020 11:42:13 UTC] PHP Notice:  Undefined variable: urlSlug in /Users/lazaro/Dropbox (Lazaro)/Indis/04 Development/01 Build/indis-website-v1/adi/inc/above.php on line 35
[08-Jan-2020 11:42:13 UTC] PHP Notice:  Undefined variable: urlSlug in /Users/lazaro/Dropbox (Lazaro)/Indis/04 Development/01 Build/indis-website-v1/adi/inc/above.php on line 50
[08-Jan-2020 11:42:18 UTC] PHP Notice:  Undefined variable: urlSlug in /Users/lazaro/Dropbox (Lazaro)/Indis/04 Development/01 Build/indis-website-v1/adi/inc/above.php on line 35
[08-Jan-2020 11:42:18 UTC] PHP Notice:  Undefined variable: urlSlug in /Users/lazaro/Dropbox (Lazaro)/Indis/04 Development/01 Build/indis-website-v1/adi/inc/above.php on line 50
[08-Jan-2020 11:42:18 UTC] PHP Notice:  Undefined variable: urlSlug in /Users/lazaro/Dropbox (Lazaro)/Indis/04 Development/01 Build/indis-website-v1/adi/inc/above.php on line 35
[08-Jan-2020 11:42:18 UTC] PHP Notice:  Undefined variable: urlSlug in /Users/lazaro/Dropbox (Lazaro)/Indis/04 Development/01 Build/indis-website-v1/adi/inc/above.php on line 50
[08-Jan-2020 11:42:19 UTC] PHP Notice:  Undefined variable: urlSlug in /Users/lazaro/Dropbox (Lazaro)/Indis/04 Development/01 Build/indis-website-v1/adi/inc/above.php on line 35
[08-Jan-2020 11:42:19 UTC] PHP Notice:  Undefined variable: urlSlug in /Users/lazaro/Dropbox (Lazaro)/Indis/04 Development/01 Build/indis-website-v1/adi/inc/above.php on line 50
[08-Jan-2020 11:42:19 UTC] PHP Notice:  Undefined variable: urlSlug in /Users/lazaro/Dropbox (Lazaro)/Indis/04 Development/01 Build/indis-website-v1/adi/inc/above.php on line 35
[08-Jan-2020 11:42:19 UTC] PHP Notice:  Undefined variable: urlSlug in /Users/lazaro/Dropbox (Lazaro)/Indis/04 Development/01 Build/indis-website-v1/adi/inc/above.php on line 50
[08-Jan-2020 11:42:40 UTC] PHP Notice:  Undefined variable: urlSlug in /Users/lazaro/Dropbox (Lazaro)/Indis/04 Development/01 Build/indis-website-v1/adi/inc/above.php on line 35
[08-Jan-2020 11:42:40 UTC] PHP Notice:  Undefined variable: urlSlug in /Users/lazaro/Dropbox (Lazaro)/Indis/04 Development/01 Build/indis-website-v1/adi/inc/above.php on line 50
[08-Jan-2020 11:42:41 UTC] PHP Notice:  Undefined variable: urlSlug in /Users/lazaro/Dropbox (Lazaro)/Indis/04 Development/01 Build/indis-website-v1/adi/inc/above.php on line 35
[08-Jan-2020 11:42:41 UTC] PHP Notice:  Undefined variable: urlSlug in /Users/lazaro/Dropbox (Lazaro)/Indis/04 Development/01 Build/indis-website-v1/adi/inc/above.php on line 50
[08-Jan-2020 12:04:58 UTC] PHP Notice:  Undefined variable: slug in /Users/lazaro/Dropbox (Lazaro)/Indis/04 Development/01 Build/indis-website-v1/adi/pages/projects.php on line 11
[10-Jan-2020 06:27:01 UTC] PHP Notice:  Undefined variable: postType in /Users/lazaro/Dropbox (Lazaro)/Indis/04 Development/01 Build/indis-website-v1/adi/pages/projects.php on line 12
[10-Jan-2020 07:06:07 UTC] PHP Fatal error:  Uncaught ArgumentCountError: Too few arguments to function getContent(), 1 passed in /Users/lazaro/Dropbox (Lazaro)/Indis/04 Development/01 Build/indis-website-v1/adi/pages/projects.php on line 45 and at least 2 expected in /Users/lazaro/Dropbox (Lazaro)/Indis/04 Development/01 Build/indis-website-v1/adi/inc/utils.php:58
Stack trace:
#0 /Users/lazaro/Dropbox (Lazaro)/Indis/04 Development/01 Build/indis-website-v1/adi/pages/projects.php(45): getContent('hey')
#1 /Users/lazaro/Dropbox (Lazaro)/Indis/04 Development/01 Build/indis-website-v1/adi/index.php(43): require_once('/Users/lazaro/D...')
#2 {main}
  thrown in /Users/lazaro/Dropbox (Lazaro)/Indis/04 Development/01 Build/indis-website-v1/adi/inc/utils.php on line 58
[10-Jan-2020 07:24:36 UTC] PHP Notice:  Undefined variable: cmsIsEnabled in /Users/lazaro/Dropbox (Lazaro)/Indis/04 Development/01 Build/indis-website-v1/adi/inc/utils.php on line 144
[10-Jan-2020 08:34:12 UTC] PHP Notice:  Undefined variable: the_post in /Users/lazaro/Dropbox (Lazaro)/Indis/04 Development/01 Build/indis-website-v1/adi/inc/above.php on line 46
[10-Jan-2020 08:34:12 UTC] PHP Notice:  Trying to get property 'ID' of non-object in /Users/lazaro/Dropbox (Lazaro)/Indis/04 Development/01 Build/indis-website-v1/adi/inc/above.php on line 46
[10-Jan-2020 09:06:15 UTC] PHP Notice:  Trying to get property 'ID' of non-object in /Users/lazaro/Dropbox (Lazaro)/Indis/04 Development/01 Build/indis-website-v1/adi/inc/utils.php on line 74
[10-Jan-2020 09:06:15 UTC] PHP Notice:  Trying to get property 'ID' of non-object in /Users/lazaro/Dropbox (Lazaro)/Indis/04 Development/01 Build/indis-website-v1/adi/inc/utils.php on line 74
[10-Jan-2020 09:06:15 UTC] PHP Notice:  Trying to get property 'ID' of non-object in /Users/lazaro/Dropbox (Lazaro)/Indis/04 Development/01 Build/indis-website-v1/adi/inc/utils.php on line 74
[10-Jan-2020 09:06:15 UTC] PHP Notice:  Trying to get property 'ID' of non-object in /Users/lazaro/Dropbox (Lazaro)/Indis/04 Development/01 Build/indis-website-v1/adi/inc/utils.php on line 74
[10-Jan-2020 09:06:15 UTC] PHP Notice:  Trying to get property 'ID' of non-object in /Users/lazaro/Dropbox (Lazaro)/Indis/04 Development/01 Build/indis-website-v1/adi/inc/utils.php on line 74
[10-Jan-2020 09:06:15 UTC] PHP Notice:  Trying to get property 'ID' of non-object in /Users/lazaro/Dropbox (Lazaro)/Indis/04 Development/01 Build/indis-website-v1/adi/inc/utils.php on line 74
[10-Jan-2020 09:06:15 UTC] PHP Notice:  Trying to get property 'ID' of non-object in /Users/lazaro/Dropbox (Lazaro)/Indis/04 Development/01 Build/indis-website-v1/adi/inc/utils.php on line 74
[10-Jan-2020 09:06:15 UTC] PHP Notice:  Trying to get property 'ID' of non-object in /Users/lazaro/Dropbox (Lazaro)/Indis/04 Development/01 Build/indis-website-v1/adi/inc/utils.php on line 74
[10-Jan-2020 09:06:15 UTC] PHP Notice:  Trying to get property 'ID' of non-object in /Users/lazaro/Dropbox (Lazaro)/Indis/04 Development/01 Build/indis-website-v1/adi/inc/utils.php on line 74
[10-Jan-2020 09:06:15 UTC] PHP Notice:  Trying to get property 'ID' of non-object in /Users/lazaro/Dropbox (Lazaro)/Indis/04 Development/01 Build/indis-website-v1/adi/inc/utils.php on line 74
[10-Jan-2020 09:06:15 UTC] PHP Notice:  Trying to get property 'ID' of non-object in /Users/lazaro/Dropbox (Lazaro)/Indis/04 Development/01 Build/indis-website-v1/adi/inc/utils.php on line 74
[10-Jan-2020 09:06:15 UTC] PHP Notice:  Trying to get property 'ID' of non-object in /Users/lazaro/Dropbox (Lazaro)/Indis/04 Development/01 Build/indis-website-v1/adi/inc/utils.php on line 74
[10-Jan-2020 09:06:15 UTC] PHP Notice:  Trying to get property 'ID' of non-object in /Users/lazaro/Dropbox (Lazaro)/Indis/04 Development/01 Build/indis-website-v1/adi/inc/utils.php on line 74
[10-Jan-2020 09:06:15 UTC] PHP Notice:  Trying to get property 'ID' of non-object in /Users/lazaro/Dropbox (Lazaro)/Indis/04 Development/01 Build/indis-website-v1/adi/inc/utils.php on line 74
[10-Jan-2020 09:06:15 UTC] PHP Notice:  Trying to get property 'ID' of non-object in /Users/lazaro/Dropbox (Lazaro)/Indis/04 Development/01 Build/indis-website-v1/adi/inc/utils.php on line 74
[10-Jan-2020 09:06:16 UTC] PHP Notice:  Trying to get property 'ID' of non-object in /Users/lazaro/Dropbox (Lazaro)/Indis/04 Development/01 Build/indis-website-v1/adi/inc/utils.php on line 74
[10-Jan-2020 09:06:16 UTC] PHP Notice:  Trying to get property 'ID' of non-object in /Users/lazaro/Dropbox (Lazaro)/Indis/04 Development/01 Build/indis-website-v1/adi/inc/utils.php on line 74
[10-Jan-2020 09:06:16 UTC] PHP Notice:  Trying to get property 'ID' of non-object in /Users/lazaro/Dropbox (Lazaro)/Indis/04 Development/01 Build/indis-website-v1/adi/inc/utils.php on line 74
[10-Jan-2020 09:06:17 UTC] PHP Notice:  Trying to get property 'ID' of non-object in /Users/lazaro/Dropbox (Lazaro)/Indis/04 Development/01 Build/indis-website-v1/adi/inc/utils.php on line 74
[10-Jan-2020 09:06:17 UTC] PHP Notice:  Trying to get property 'ID' of non-object in /Users/lazaro/Dropbox (Lazaro)/Indis/04 Development/01 Build/indis-website-v1/adi/inc/utils.php on line 74
[10-Jan-2020 09:06:17 UTC] PHP Notice:  Trying to get property 'ID' of non-object in /Users/lazaro/Dropbox (Lazaro)/Indis/04 Development/01 Build/indis-website-v1/adi/inc/utils.php on line 74
[10-Jan-2020 09:06:17 UTC] PHP Notice:  Trying to get property 'ID' of non-object in /Users/lazaro/Dropbox (Lazaro)/Indis/04 Development/01 Build/indis-website-v1/adi/inc/utils.php on line 74
[10-Jan-2020 09:06:17 UTC] PHP Notice:  Trying to get property 'ID' of non-object in /Users/lazaro/Dropbox (Lazaro)/Indis/04 Development/01 Build/indis-website-v1/adi/inc/utils.php on line 74
[10-Jan-2020 09:06:17 UTC] PHP Notice:  Trying to get property 'ID' of non-object in /Users/lazaro/Dropbox (Lazaro)/Indis/04 Development/01 Build/indis-website-v1/adi/inc/utils.php on line 74
[10-Jan-2020 09:06:17 UTC] PHP Notice:  Trying to get property 'ID' of non-object in /Users/lazaro/Dropbox (Lazaro)/Indis/04 Development/01 Build/indis-website-v1/adi/inc/utils.php on line 74
[10-Jan-2020 09:06:17 UTC] PHP Notice:  Trying to get property 'ID' of non-object in /Users/lazaro/Dropbox (Lazaro)/Indis/04 Development/01 Build/indis-website-v1/adi/inc/utils.php on line 74
[10-Jan-2020 09:06:17 UTC] PHP Notice:  Trying to get property 'ID' of non-object in /Users/lazaro/Dropbox (Lazaro)/Indis/04 Development/01 Build/indis-website-v1/adi/inc/utils.php on line 74
[10-Jan-2020 09:06:17 UTC] PHP Notice:  Trying to get property 'ID' of non-object in /Users/lazaro/Dropbox (Lazaro)/Indis/04 Development/01 Build/indis-website-v1/adi/inc/utils.php on line 74
[10-Jan-2020 09:06:17 UTC] PHP Notice:  Trying to get property 'ID' of non-object in /Users/lazaro/Dropbox (Lazaro)/Indis/04 Development/01 Build/indis-website-v1/adi/inc/utils.php on line 74
[10-Jan-2020 09:06:17 UTC] PHP Notice:  Trying to get property 'ID' of non-object in /Users/lazaro/Dropbox (Lazaro)/Indis/04 Development/01 Build/indis-website-v1/adi/inc/utils.php on line 74
[10-Jan-2020 09:06:17 UTC] PHP Notice:  Trying to get property 'ID' of non-object in /Users/lazaro/Dropbox (Lazaro)/Indis/04 Development/01 Build/indis-website-v1/adi/inc/utils.php on line 74
[10-Jan-2020 09:06:17 UTC] PHP Notice:  Trying to get property 'ID' of non-object in /Users/lazaro/Dropbox (Lazaro)/Indis/04 Development/01 Build/indis-website-v1/adi/inc/utils.php on line 74
[10-Jan-2020 09:06:17 UTC] PHP Notice:  Trying to get property 'ID' of non-object in /Users/lazaro/Dropbox (Lazaro)/Indis/04 Development/01 Build/indis-website-v1/adi/inc/utils.php on line 74
[10-Jan-2020 09:06:17 UTC] PHP Notice:  Trying to get property 'ID' of non-object in /Users/lazaro/Dropbox (Lazaro)/Indis/04 Development/01 Build/indis-website-v1/adi/inc/utils.php on line 74
[10-Jan-2020 09:06:17 UTC] PHP Notice:  Trying to get property 'ID' of non-object in /Users/lazaro/Dropbox (Lazaro)/Indis/04 Development/01 Build/indis-website-v1/adi/inc/utils.php on line 74
[10-Jan-2020 09:06:18 UTC] PHP Notice:  Trying to get property 'ID' of non-object in /Users/lazaro/Dropbox (Lazaro)/Indis/04 Development/01 Build/indis-website-v1/adi/inc/utils.php on line 74
[10-Jan-2020 09:06:19 UTC] PHP Notice:  Trying to get property 'ID' of non-object in /Users/lazaro/Dropbox (Lazaro)/Indis/04 Development/01 Build/indis-website-v1/adi/inc/utils.php on line 74
[10-Jan-2020 09:06:19 UTC] PHP Notice:  Trying to get property 'ID' of non-object in /Users/lazaro/Dropbox (Lazaro)/Indis/04 Development/01 Build/indis-website-v1/adi/inc/utils.php on line 74
[10-Jan-2020 09:06:19 UTC] PHP Notice:  Trying to get property 'ID' of non-object in /Users/lazaro/Dropbox (Lazaro)/Indis/04 Development/01 Build/indis-website-v1/adi/inc/utils.php on line 74
[10-Jan-2020 09:06:19 UTC] PHP Notice:  Trying to get property 'ID' of non-object in /Users/lazaro/Dropbox (Lazaro)/Indis/04 Development/01 Build/indis-website-v1/adi/inc/utils.php on line 74
[10-Jan-2020 09:06:19 UTC] PHP Notice:  Trying to get property 'ID' of non-object in /Users/lazaro/Dropbox (Lazaro)/Indis/04 Development/01 Build/indis-website-v1/adi/inc/utils.php on line 74
[10-Jan-2020 09:06:19 UTC] PHP Notice:  Trying to get property 'ID' of non-object in /Users/lazaro/Dropbox (Lazaro)/Indis/04 Development/01 Build/indis-website-v1/adi/inc/utils.php on line 74
[10-Jan-2020 09:06:19 UTC] PHP Notice:  Trying to get property 'ID' of non-object in /Users/lazaro/Dropbox (Lazaro)/Indis/04 Development/01 Build/indis-website-v1/adi/inc/utils.php on line 74
[10-Jan-2020 09:06:19 UTC] PHP Notice:  Trying to get property 'ID' of non-object in /Users/lazaro/Dropbox (Lazaro)/Indis/04 Development/01 Build/indis-website-v1/adi/inc/utils.php on line 74
[10-Jan-2020 09:06:19 UTC] PHP Notice:  Trying to get property 'ID' of non-object in /Users/lazaro/Dropbox (Lazaro)/Indis/04 Development/01 Build/indis-website-v1/adi/inc/utils.php on line 74
[10-Jan-2020 09:06:19 UTC] PHP Notice:  Trying to get property 'ID' of non-object in /Users/lazaro/Dropbox (Lazaro)/Indis/04 Development/01 Build/indis-website-v1/adi/inc/utils.php on line 74
[10-Jan-2020 09:06:19 UTC] PHP Notice:  Trying to get property 'ID' of non-object in /Users/lazaro/Dropbox (Lazaro)/Indis/04 Development/01 Build/indis-website-v1/adi/inc/utils.php on line 74
[10-Jan-2020 09:06:19 UTC] PHP Notice:  Trying to get property 'ID' of non-object in /Users/lazaro/Dropbox (Lazaro)/Indis/04 Development/01 Build/indis-website-v1/adi/inc/utils.php on line 74
[10-Jan-2020 09:06:19 UTC] PHP Notice:  Trying to get property 'ID' of non-object in /Users/lazaro/Dropbox (Lazaro)/Indis/04 Development/01 Build/indis-website-v1/adi/inc/utils.php on line 74
[10-Jan-2020 09:06:19 UTC] PHP Notice:  Trying to get property 'ID' of non-object in /Users/lazaro/Dropbox (Lazaro)/Indis/04 Development/01 Build/indis-website-v1/adi/inc/utils.php on line 74
[10-Jan-2020 09:06:19 UTC] PHP Notice:  Trying to get property 'ID' of non-object in /Users/lazaro/Dropbox (Lazaro)/Indis/04 Development/01 Build/indis-website-v1/adi/inc/utils.php on line 74
[10-Jan-2020 09:06:19 UTC] PHP Notice:  Trying to get property 'ID' of non-object in /Users/lazaro/Dropbox (Lazaro)/Indis/04 Development/01 Build/indis-website-v1/adi/inc/utils.php on line 74
[10-Jan-2020 09:06:19 UTC] PHP Notice:  Trying to get property 'ID' of non-object in /Users/lazaro/Dropbox (Lazaro)/Indis/04 Development/01 Build/indis-website-v1/adi/inc/utils.php on line 74
[10-Jan-2020 09:06:19 UTC] PHP Notice:  Trying to get property 'ID' of non-object in /Users/lazaro/Dropbox (Lazaro)/Indis/04 Development/01 Build/indis-website-v1/adi/inc/utils.php on line 74
[10-Jan-2020 09:06:26 UTC] PHP Notice:  Trying to get property 'ID' of non-object in /Users/lazaro/Dropbox (Lazaro)/Indis/04 Development/01 Build/indis-website-v1/adi/inc/utils.php on line 74
[10-Jan-2020 09:06:26 UTC] PHP Notice:  Trying to get property 'ID' of non-object in /Users/lazaro/Dropbox (Lazaro)/Indis/04 Development/01 Build/indis-website-v1/adi/inc/utils.php on line 74
[10-Jan-2020 09:06:26 UTC] PHP Notice:  Trying to get property 'ID' of non-object in /Users/lazaro/Dropbox (Lazaro)/Indis/04 Development/01 Build/indis-website-v1/adi/inc/utils.php on line 74
[10-Jan-2020 09:06:26 UTC] PHP Notice:  Trying to get property 'ID' of non-object in /Users/lazaro/Dropbox (Lazaro)/Indis/04 Development/01 Build/indis-website-v1/adi/inc/utils.php on line 74
[10-Jan-2020 09:06:26 UTC] PHP Notice:  Trying to get property 'ID' of non-object in /Users/lazaro/Dropbox (Lazaro)/Indis/04 Development/01 Build/indis-website-v1/adi/inc/utils.php on line 74
[10-Jan-2020 09:06:26 UTC] PHP Notice:  Trying to get property 'ID' of non-object in /Users/lazaro/Dropbox (Lazaro)/Indis/04 Development/01 Build/indis-website-v1/adi/inc/utils.php on line 74
[10-Jan-2020 09:06:26 UTC] PHP Notice:  Trying to get property 'ID' of non-object in /Users/lazaro/Dropbox (Lazaro)/Indis/04 Development/01 Build/indis-website-v1/adi/inc/utils.php on line 74
[10-Jan-2020 09:06:26 UTC] PHP Notice:  Trying to get property 'ID' of non-object in /Users/lazaro/Dropbox (Lazaro)/Indis/04 Development/01 Build/indis-website-v1/adi/inc/utils.php on line 74
[10-Jan-2020 09:06:26 UTC] PHP Notice:  Trying to get property 'ID' of non-object in /Users/lazaro/Dropbox (Lazaro)/Indis/04 Development/01 Build/indis-website-v1/adi/inc/utils.php on line 74
[10-Jan-2020 09:06:26 UTC] PHP Notice:  Trying to get property 'ID' of non-object in /Users/lazaro/Dropbox (Lazaro)/Indis/04 Development/01 Build/indis-website-v1/adi/inc/utils.php on line 74
[10-Jan-2020 09:06:26 UTC] PHP Notice:  Trying to get property 'ID' of non-object in /Users/lazaro/Dropbox (Lazaro)/Indis/04 Development/01 Build/indis-website-v1/adi/inc/utils.php on line 74
[10-Jan-2020 09:06:26 UTC] PHP Notice:  Trying to get property 'ID' of non-object in /Users/lazaro/Dropbox (Lazaro)/Indis/04 Development/01 Build/indis-website-v1/adi/inc/utils.php on line 74
[10-Jan-2020 09:06:26 UTC] PHP Notice:  Trying to get property 'ID' of non-object in /Users/lazaro/Dropbox (Lazaro)/Indis/04 Development/01 Build/indis-website-v1/adi/inc/utils.php on line 74
[10-Jan-2020 09:06:26 UTC] PHP Notice:  Trying to get property 'ID' of non-object in /Users/lazaro/Dropbox (Lazaro)/Indis/04 Development/01 Build/indis-website-v1/adi/inc/utils.php on line 74
[10-Jan-2020 09:06:26 UTC] PHP Notice:  Trying to get property 'ID' of non-object in /Users/lazaro/Dropbox (Lazaro)/Indis/04 Development/01 Build/indis-website-v1/adi/inc/utils.php on line 74
[10-Jan-2020 09:06:27 UTC] PHP Notice:  Trying to get property 'ID' of non-object in /Users/lazaro/Dropbox (Lazaro)/Indis/04 Development/01 Build/indis-website-v1/adi/inc/utils.php on line 74
[10-Jan-2020 09:06:27 UTC] PHP Notice:  Trying to get property 'ID' of non-object in /Users/lazaro/Dropbox (Lazaro)/Indis/04 Development/01 Build/indis-website-v1/adi/inc/utils.php on line 74
[10-Jan-2020 09:06:27 UTC] PHP Notice:  Trying to get property 'ID' of non-object in /Users/lazaro/Dropbox (Lazaro)/Indis/04 Development/01 Build/indis-website-v1/adi/inc/utils.php on line 74
[10-Jan-2020 09:07:25 UTC] PHP Notice:  Trying to get property 'ID' of non-object in /Users/lazaro/Dropbox (Lazaro)/Indis/04 Development/01 Build/indis-website-v1/adi/inc/utils.php on line 74
[10-Jan-2020 09:07:25 UTC] PHP Notice:  Trying to get property 'ID' of non-object in /Users/lazaro/Dropbox (Lazaro)/Indis/04 Development/01 Build/indis-website-v1/adi/inc/utils.php on line 74
[10-Jan-2020 09:07:27 UTC] PHP Notice:  Trying to get property 'ID' of non-object in /Users/lazaro/Dropbox (Lazaro)/Indis/04 Development/01 Build/indis-website-v1/adi/inc/utils.php on line 74
[10-Jan-2020 09:07:27 UTC] PHP Notice:  Trying to get property 'ID' of non-object in /Users/lazaro/Dropbox (Lazaro)/Indis/04 Development/01 Build/indis-website-v1/adi/inc/utils.php on line 74
[10-Jan-2020 09:07:27 UTC] PHP Notice:  Trying to get property 'ID' of non-object in /Users/lazaro/Dropbox (Lazaro)/Indis/04 Development/01 Build/indis-website-v1/adi/inc/utils.php on line 74
[10-Jan-2020 09:07:27 UTC] PHP Notice:  Trying to get property 'ID' of non-object in /Users/lazaro/Dropbox (Lazaro)/Indis/04 Development/01 Build/indis-website-v1/adi/inc/utils.php on line 74
[10-Jan-2020 09:07:27 UTC] PHP Notice:  Trying to get property 'ID' of non-object in /Users/lazaro/Dropbox (Lazaro)/Indis/04 Development/01 Build/indis-website-v1/adi/inc/utils.php on line 74
[10-Jan-2020 09:07:27 UTC] PHP Notice:  Trying to get property 'ID' of non-object in /Users/lazaro/Dropbox (Lazaro)/Indis/04 Development/01 Build/indis-website-v1/adi/inc/utils.php on line 74
[10-Jan-2020 09:07:27 UTC] PHP Notice:  Trying to get property 'ID' of non-object in /Users/lazaro/Dropbox (Lazaro)/Indis/04 Development/01 Build/indis-website-v1/adi/inc/utils.php on line 74
[10-Jan-2020 09:07:27 UTC] PHP Notice:  Trying to get property 'ID' of non-object in /Users/lazaro/Dropbox (Lazaro)/Indis/04 Development/01 Build/indis-website-v1/adi/inc/utils.php on line 74
[10-Jan-2020 09:07:27 UTC] PHP Notice:  Trying to get property 'ID' of non-object in /Users/lazaro/Dropbox (Lazaro)/Indis/04 Development/01 Build/indis-website-v1/adi/inc/utils.php on line 74
[10-Jan-2020 09:07:27 UTC] PHP Notice:  Trying to get property 'ID' of non-object in /Users/lazaro/Dropbox (Lazaro)/Indis/04 Development/01 Build/indis-website-v1/adi/inc/utils.php on line 74
[10-Jan-2020 09:07:28 UTC] PHP Notice:  Trying to get property 'ID' of non-object in /Users/lazaro/Dropbox (Lazaro)/Indis/04 Development/01 Build/indis-website-v1/adi/inc/utils.php on line 74
[10-Jan-2020 09:07:28 UTC] PHP Notice:  Trying to get property 'ID' of non-object in /Users/lazaro/Dropbox (Lazaro)/Indis/04 Development/01 Build/indis-website-v1/adi/inc/utils.php on line 74
[10-Jan-2020 09:07:28 UTC] PHP Notice:  Trying to get property 'ID' of non-object in /Users/lazaro/Dropbox (Lazaro)/Indis/04 Development/01 Build/indis-website-v1/adi/inc/utils.php on line 74
[10-Jan-2020 09:07:28 UTC] PHP Notice:  Trying to get property 'ID' of non-object in /Users/lazaro/Dropbox (Lazaro)/Indis/04 Development/01 Build/indis-website-v1/adi/inc/utils.php on line 74
[10-Jan-2020 09:07:28 UTC] PHP Notice:  Trying to get property 'ID' of non-object in /Users/lazaro/Dropbox (Lazaro)/Indis/04 Development/01 Build/indis-website-v1/adi/inc/utils.php on line 74
[10-Jan-2020 09:07:28 UTC] PHP Notice:  Trying to get property 'ID' of non-object in /Users/lazaro/Dropbox (Lazaro)/Indis/04 Development/01 Build/indis-website-v1/adi/inc/utils.php on line 74
[10-Jan-2020 09:07:28 UTC] PHP Notice:  Trying to get property 'ID' of non-object in /Users/lazaro/Dropbox (Lazaro)/Indis/04 Development/01 Build/indis-website-v1/adi/inc/utils.php on line 74
[10-Jan-2020 09:07:28 UTC] PHP Notice:  Trying to get property 'ID' of non-object in /Users/lazaro/Dropbox (Lazaro)/Indis/04 Development/01 Build/indis-website-v1/adi/inc/utils.php on line 74
[10-Jan-2020 09:17:59 UTC] PHP Notice:  Array to string conversion in /Users/lazaro/Dropbox (Lazaro)/Indis/04 Development/01 Build/indis-website-v1/adi/pages/projects.php on line 72
[10-Jan-2020 09:20:49 UTC] PHP Notice:  Undefined index: sizes in /Users/lazaro/Dropbox (Lazaro)/Indis/04 Development/01 Build/indis-website-v1/adi/pages/projects.php on line 66
[10-Jan-2020 09:24:38 UTC] PHP Warning:  Invalid argument supplied for foreach() in /Users/lazaro/Dropbox (Lazaro)/Indis/04 Development/01 Build/indis-website-v1/adi/inc/utils.php on line 197
[10-Jan-2020 09:24:40 UTC] PHP Warning:  Invalid argument supplied for foreach() in /Users/lazaro/Dropbox (Lazaro)/Indis/04 Development/01 Build/indis-website-v1/adi/inc/utils.php on line 197
[10-Jan-2020 09:24:41 UTC] PHP Warning:  Invalid argument supplied for foreach() in /Users/lazaro/Dropbox (Lazaro)/Indis/04 Development/01 Build/indis-website-v1/adi/inc/utils.php on line 197
[10-Jan-2020 09:24:41 UTC] PHP Warning:  Invalid argument supplied for foreach() in /Users/lazaro/Dropbox (Lazaro)/Indis/04 Development/01 Build/indis-website-v1/adi/inc/utils.php on line 197
[10-Jan-2020 09:24:42 UTC] PHP Warning:  Invalid argument supplied for foreach() in /Users/lazaro/Dropbox (Lazaro)/Indis/04 Development/01 Build/indis-website-v1/adi/inc/utils.php on line 197
[10-Jan-2020 09:25:05 UTC] PHP Warning:  Invalid argument supplied for foreach() in /Users/lazaro/Dropbox (Lazaro)/Indis/04 Development/01 Build/indis-website-v1/adi/inc/utils.php on line 197
[10-Jan-2020 09:25:07 UTC] PHP Warning:  Invalid argument supplied for foreach() in /Users/lazaro/Dropbox (Lazaro)/Indis/04 Development/01 Build/indis-website-v1/adi/inc/utils.php on line 197
[10-Jan-2020 09:25:07 UTC] PHP Warning:  Invalid argument supplied for foreach() in /Users/lazaro/Dropbox (Lazaro)/Indis/04 Development/01 Build/indis-website-v1/adi/inc/utils.php on line 197
[10-Jan-2020 09:25:08 UTC] PHP Warning:  Invalid argument supplied for foreach() in /Users/lazaro/Dropbox (Lazaro)/Indis/04 Development/01 Build/indis-website-v1/adi/inc/utils.php on line 197
[10-Jan-2020 09:25:08 UTC] PHP Warning:  Invalid argument supplied for foreach() in /Users/lazaro/Dropbox (Lazaro)/Indis/04 Development/01 Build/indis-website-v1/adi/inc/utils.php on line 197
[10-Jan-2020 09:26:17 UTC] PHP Warning:  Invalid argument supplied for foreach() in /Users/lazaro/Dropbox (Lazaro)/Indis/04 Development/01 Build/indis-website-v1/adi/inc/utils.php on line 197
[10-Jan-2020 09:26:18 UTC] PHP Warning:  Invalid argument supplied for foreach() in /Users/lazaro/Dropbox (Lazaro)/Indis/04 Development/01 Build/indis-website-v1/adi/inc/utils.php on line 197
[10-Jan-2020 09:26:19 UTC] PHP Warning:  Invalid argument supplied for foreach() in /Users/lazaro/Dropbox (Lazaro)/Indis/04 Development/01 Build/indis-website-v1/adi/inc/utils.php on line 197
[10-Jan-2020 09:26:19 UTC] PHP Warning:  Invalid argument supplied for foreach() in /Users/lazaro/Dropbox (Lazaro)/Indis/04 Development/01 Build/indis-website-v1/adi/inc/utils.php on line 197
[10-Jan-2020 09:26:20 UTC] PHP Warning:  Invalid argument supplied for foreach() in /Users/lazaro/Dropbox (Lazaro)/Indis/04 Development/01 Build/indis-website-v1/adi/inc/utils.php on line 197
[10-Jan-2020 09:40:07 UTC] PHP Notice:  Undefined index: large in /Users/lazaro/Dropbox (Lazaro)/Indis/04 Development/01 Build/indis-website-v1/adi/pages/projects.php on line 41
[10-Jan-2020 09:54:07 UTC] PHP Notice:  Array to string conversion in /Users/lazaro/Dropbox (Lazaro)/Indis/04 Development/01 Build/indis-website-v1/adi/pages/projects.php on line 247
[10-Jan-2020 09:54:44 UTC] PHP Notice:  Array to string conversion in /Users/lazaro/Dropbox (Lazaro)/Indis/04 Development/01 Build/indis-website-v1/adi/pages/projects.php on line 247
[13-Jan-2020 11:02:43 UTC] PHP Notice:  Array to string conversion in /Users/lazaro/Dropbox (Lazaro)/Indis/04 Development/01 Build/indis-website-v1/adi/pages/projects.php on line 314
[15-Jan-2020 05:19:32 UTC] PHP Fatal error:  Uncaught ArgumentCountError: Too few arguments to function wp_get_nav_menu_items(), 0 passed in /Users/adi/Documents/clab/lazaro/indis/pages/projects.php on line 16 and at least 1 expected in /Users/adi/Documents/clab/lazaro/indis/cms/wp-includes/nav-menu.php:660
Stack trace:
#0 /Users/adi/Documents/clab/lazaro/indis/pages/projects.php(16): wp_get_nav_menu_items()
#1 /Users/adi/Documents/clab/lazaro/indis/index.php(43): require_once('/Users/adi/Docu...')
#2 {main}
  thrown in /Users/adi/Documents/clab/lazaro/indis/cms/wp-includes/nav-menu.php on line 660
[15-Jan-2020 06:43:07 UTC] PHP Notice:  Undefined variable: postType in /Users/adi/Documents/clab/lazaro/indis/inc/above.php on line 40
[15-Jan-2020 07:07:54 UTC] PHP Fatal error:  Uncaught Error: Cannot use object of type WP_Post as array in /Users/adi/Documents/clab/lazaro/indis/inc/utils.php:95
Stack trace:
#0 /Users/adi/Documents/clab/lazaro/indis/inc/above.php(47): getContent('', 'page_title', 'sample')
#1 /Users/adi/Documents/clab/lazaro/indis/pages/sample.php(7): require_once('/Users/adi/Docu...')
#2 /Users/adi/Documents/clab/lazaro/indis/index.php(38): require_once('/Users/adi/Docu...')
#3 {main}
  thrown in /Users/adi/Documents/clab/lazaro/indis/inc/utils.php on line 95
[15-Jan-2020 07:09:14 UTC] PHP Notice:  Array to string conversion in /Users/adi/Documents/clab/lazaro/indis/inc/utils.php on line 95
[15-Jan-2020 07:09:14 UTC] PHP Notice:  Trying to get property 'Array' of non-object in /Users/adi/Documents/clab/lazaro/indis/inc/utils.php on line 95
[15-Jan-2020 07:09:14 UTC] PHP Notice:  Array to string conversion in /Users/adi/Documents/clab/lazaro/indis/inc/utils.php on line 95
[15-Jan-2020 07:09:14 UTC] PHP Notice:  Trying to get property 'Array' of non-object in /Users/adi/Documents/clab/lazaro/indis/inc/utils.php on line 95
[15-Jan-2020 07:09:14 UTC] PHP Notice:  Array to string conversion in /Users/adi/Documents/clab/lazaro/indis/inc/utils.php on line 95
[15-Jan-2020 07:09:14 UTC] PHP Notice:  Uninitialized string offset: 0 in /Users/adi/Documents/clab/lazaro/indis/inc/utils.php on line 95
[15-Jan-2020 07:09:14 UTC] PHP Notice:  Array to string conversion in /Users/adi/Documents/clab/lazaro/indis/inc/utils.php on line 95
[15-Jan-2020 07:09:14 UTC] PHP Notice:  Uninitialized string offset: 0 in /Users/adi/Documents/clab/lazaro/indis/inc/utils.php on line 95
[15-Jan-2020 07:09:14 UTC] PHP Notice:  Array to string conversion in /Users/adi/Documents/clab/lazaro/indis/inc/utils.php on line 95
[15-Jan-2020 07:09:14 UTC] PHP Notice:  Uninitialized string offset: 0 in /Users/adi/Documents/clab/lazaro/indis/inc/utils.php on line 95
[15-Jan-2020 07:09:14 UTC] PHP Notice:  Array to string conversion in /Users/adi/Documents/clab/lazaro/indis/inc/utils.php on line 95
[15-Jan-2020 07:09:14 UTC] PHP Notice:  Uninitialized string offset: 0 in /Users/adi/Documents/clab/lazaro/indis/inc/utils.php on line 95
[15-Jan-2020 07:09:14 UTC] PHP Notice:  Array to string conversion in /Users/adi/Documents/clab/lazaro/indis/inc/utils.php on line 95
[15-Jan-2020 07:09:14 UTC] PHP Notice:  Uninitialized string offset: 0 in /Users/adi/Documents/clab/lazaro/indis/inc/utils.php on line 95
[15-Jan-2020 07:09:14 UTC] PHP Notice:  Array to string conversion in /Users/adi/Documents/clab/lazaro/indis/inc/utils.php on line 95
[15-Jan-2020 07:09:14 UTC] PHP Notice:  Uninitialized string offset: 0 in /Users/adi/Documents/clab/lazaro/indis/inc/utils.php on line 95
[15-Jan-2020 07:09:14 UTC] PHP Notice:  Array to string conversion in /Users/adi/Documents/clab/lazaro/indis/inc/utils.php on line 95
[15-Jan-2020 07:09:14 UTC] PHP Notice:  Uninitialized string offset: 0 in /Users/adi/Documents/clab/lazaro/indis/inc/utils.php on line 95
[15-Jan-2020 07:09:14 UTC] PHP Notice:  Array to string conversion in /Users/adi/Documents/clab/lazaro/indis/inc/utils.php on line 95
[15-Jan-2020 07:09:14 UTC] PHP Notice:  Uninitialized string offset: 0 in /Users/adi/Documents/clab/lazaro/indis/inc/utils.php on line 95
[15-Jan-2020 07:09:14 UTC] PHP Notice:  Array to string conversion in /Users/adi/Documents/clab/lazaro/indis/inc/utils.php on line 95
[15-Jan-2020 07:09:14 UTC] PHP Notice:  Uninitialized string offset: 0 in /Users/adi/Documents/clab/lazaro/indis/inc/utils.php on line 95
[15-Jan-2020 07:09:14 UTC] PHP Notice:  Array to string conversion in /Users/adi/Documents/clab/lazaro/indis/inc/utils.php on line 95
[15-Jan-2020 07:09:14 UTC] PHP Notice:  Uninitialized string offset: 0 in /Users/adi/Documents/clab/lazaro/indis/inc/utils.php on line 95
[15-Jan-2020 07:09:14 UTC] PHP Notice:  Array to string conversion in /Users/adi/Documents/clab/lazaro/indis/inc/utils.php on line 95
[15-Jan-2020 07:09:14 UTC] PHP Notice:  Uninitialized string offset: 0 in /Users/adi/Documents/clab/lazaro/indis/inc/utils.php on line 95
[15-Jan-2020 07:09:14 UTC] PHP Notice:  Array to string conversion in /Users/adi/Documents/clab/lazaro/indis/inc/utils.php on line 95
[15-Jan-2020 07:09:14 UTC] PHP Notice:  Uninitialized string offset: 0 in /Users/adi/Documents/clab/lazaro/indis/inc/utils.php on line 95
[15-Jan-2020 07:09:14 UTC] PHP Notice:  Array to string conversion in /Users/adi/Documents/clab/lazaro/indis/inc/utils.php on line 95
[15-Jan-2020 07:09:14 UTC] PHP Notice:  Uninitialized string offset: 0 in /Users/adi/Documents/clab/lazaro/indis/inc/utils.php on line 95
[15-Jan-2020 07:09:14 UTC] PHP Notice:  Array to string conversion in /Users/adi/Documents/clab/lazaro/indis/inc/utils.php on line 95
[15-Jan-2020 07:09:14 UTC] PHP Notice:  Uninitialized string offset: 0 in /Users/adi/Documents/clab/lazaro/indis/inc/utils.php on line 95
[15-Jan-2020 07:09:14 UTC] PHP Notice:  Array to string conversion in /Users/adi/Documents/clab/lazaro/indis/inc/utils.php on line 95
[15-Jan-2020 07:09:14 UTC] PHP Notice:  Uninitialized string offset: 0 in /Users/adi/Documents/clab/lazaro/indis/inc/utils.php on line 95
[15-Jan-2020 07:09:14 UTC] PHP Notice:  Array to string conversion in /Users/adi/Documents/clab/lazaro/indis/inc/utils.php on line 95
[15-Jan-2020 07:09:14 UTC] PHP Notice:  Uninitialized string offset: 0 in /Users/adi/Documents/clab/lazaro/indis/inc/utils.php on line 95
[15-Jan-2020 07:09:14 UTC] PHP Notice:  Array to string conversion in /Users/adi/Documents/clab/lazaro/indis/inc/utils.php on line 95
[15-Jan-2020 07:09:14 UTC] PHP Notice:  Uninitialized string offset: 0 in /Users/adi/Documents/clab/lazaro/indis/inc/utils.php on line 95
[15-Jan-2020 07:09:14 UTC] PHP Notice:  Array to string conversion in /Users/adi/Documents/clab/lazaro/indis/inc/utils.php on line 95
[15-Jan-2020 07:09:14 UTC] PHP Notice:  Uninitialized string offset: 0 in /Users/adi/Documents/clab/lazaro/indis/inc/utils.php on line 95
[15-Jan-2020 07:09:14 UTC] PHP Notice:  Array to string conversion in /Users/adi/Documents/clab/lazaro/indis/inc/utils.php on line 95
[15-Jan-2020 07:09:14 UTC] PHP Notice:  Uninitialized string offset: 0 in /Users/adi/Documents/clab/lazaro/indis/inc/utils.php on line 95
[15-Jan-2020 07:09:15 UTC] PHP Notice:  Array to string conversion in /Users/adi/Documents/clab/lazaro/indis/inc/utils.php on line 95
[15-Jan-2020 07:09:15 UTC] PHP Notice:  Uninitialized string offset: 0 in /Users/adi/Documents/clab/lazaro/indis/inc/utils.php on line 95
[15-Jan-2020 07:09:15 UTC] PHP Notice:  Array to string conversion in /Users/adi/Documents/clab/lazaro/indis/inc/utils.php on line 95
[15-Jan-2020 07:09:15 UTC] PHP Notice:  Uninitialized string offset: 0 in /Users/adi/Documents/clab/lazaro/indis/inc/utils.php on line 95
[15-Jan-2020 07:09:15 UTC] PHP Notice:  Array to string conversion in /Users/adi/Documents/clab/lazaro/indis/inc/utils.php on line 95
[15-Jan-2020 07:09:15 UTC] PHP Notice:  Uninitialized string offset: 0 in /Users/adi/Documents/clab/lazaro/indis/inc/utils.php on line 95
[15-Jan-2020 07:09:15 UTC] PHP Notice:  Array to string conversion in /Users/adi/Documents/clab/lazaro/indis/inc/utils.php on line 95
[15-Jan-2020 07:09:15 UTC] PHP Notice:  Uninitialized string offset: 0 in /Users/adi/Documents/clab/lazaro/indis/inc/utils.php on line 95
[15-Jan-2020 07:09:15 UTC] PHP Notice:  Array to string conversion in /Users/adi/Documents/clab/lazaro/indis/inc/utils.php on line 95
[15-Jan-2020 07:09:15 UTC] PHP Notice:  Uninitialized string offset: 0 in /Users/adi/Documents/clab/lazaro/indis/inc/utils.php on line 95
[15-Jan-2020 07:09:15 UTC] PHP Notice:  Array to string conversion in /Users/adi/Documents/clab/lazaro/indis/inc/utils.php on line 95
[15-Jan-2020 07:09:15 UTC] PHP Notice:  Uninitialized string offset: 0 in /Users/adi/Documents/clab/lazaro/indis/inc/utils.php on line 95
[15-Jan-2020 07:09:15 UTC] PHP Notice:  Array to string conversion in /Users/adi/Documents/clab/lazaro/indis/inc/utils.php on line 95
[15-Jan-2020 07:09:15 UTC] PHP Notice:  Uninitialized string offset: 0 in /Users/adi/Documents/clab/lazaro/indis/inc/utils.php on line 95
[15-Jan-2020 07:09:15 UTC] PHP Notice:  Array to string conversion in /Users/adi/Documents/clab/lazaro/indis/inc/utils.php on line 95
[15-Jan-2020 07:09:15 UTC] PHP Notice:  Uninitialized string offset: 0 in /Users/adi/Documents/clab/lazaro/indis/inc/utils.php on line 95
[15-Jan-2020 07:09:15 UTC] PHP Notice:  Array to string conversion in /Users/adi/Documents/clab/lazaro/indis/inc/utils.php on line 95
[15-Jan-2020 07:09:15 UTC] PHP Notice:  Uninitialized string offset: 0 in /Users/adi/Documents/clab/lazaro/indis/inc/utils.php on line 95
[15-Jan-2020 07:09:15 UTC] PHP Notice:  Array to string conversion in /Users/adi/Documents/clab/lazaro/indis/inc/utils.php on line 95
[15-Jan-2020 07:09:15 UTC] PHP Notice:  Uninitialized string offset: 0 in /Users/adi/Documents/clab/lazaro/indis/inc/utils.php on line 95
[15-Jan-2020 07:09:15 UTC] PHP Notice:  Array to string conversion in /Users/adi/Documents/clab/lazaro/indis/inc/utils.php on line 95
[15-Jan-2020 07:09:15 UTC] PHP Notice:  Uninitialized string offset: 0 in /Users/adi/Documents/clab/lazaro/indis/inc/utils.php on line 95
[15-Jan-2020 07:09:15 UTC] PHP Notice:  Array to string conversion in /Users/adi/Documents/clab/lazaro/indis/inc/utils.php on line 95
[15-Jan-2020 07:09:15 UTC] PHP Notice:  Uninitialized string offset: 0 in /Users/adi/Documents/clab/lazaro/indis/inc/utils.php on line 95
[15-Jan-2020 07:09:15 UTC] PHP Notice:  Array to string conversion in /Users/adi/Documents/clab/lazaro/indis/inc/utils.php on line 95
[15-Jan-2020 07:09:15 UTC] PHP Notice:  Uninitialized string offset: 0 in /Users/adi/Documents/clab/lazaro/indis/inc/utils.php on line 95
[15-Jan-2020 07:09:15 UTC] PHP Notice:  Array to string conversion in /Users/adi/Documents/clab/lazaro/indis/inc/utils.php on line 95
[15-Jan-2020 07:09:15 UTC] PHP Notice:  Uninitialized string offset: 0 in /Users/adi/Documents/clab/lazaro/indis/inc/utils.php on line 95
[15-Jan-2020 07:09:15 UTC] PHP Notice:  Array to string conversion in /Users/adi/Documents/clab/lazaro/indis/inc/utils.php on line 95
[15-Jan-2020 07:09:15 UTC] PHP Notice:  Uninitialized string offset: 0 in /Users/adi/Documents/clab/lazaro/indis/inc/utils.php on line 95
[15-Jan-2020 07:09:15 UTC] PHP Notice:  Array to string conversion in /Users/adi/Documents/clab/lazaro/indis/inc/utils.php on line 95
[15-Jan-2020 07:09:15 UTC] PHP Notice:  Uninitialized string offset: 0 in /Users/adi/Documents/clab/lazaro/indis/inc/utils.php on line 95
[15-Jan-2020 07:09:50 UTC] PHP Notice:  Trying to get property 'pages' of non-object in /Users/adi/Documents/clab/lazaro/indis/inc/utils.php on line 95
[15-Jan-2020 07:09:50 UTC] PHP Notice:  Trying to get property 'pages' of non-object in /Users/adi/Documents/clab/lazaro/indis/inc/utils.php on line 95
[15-Jan-2020 07:13:40 UTC] PHP Warning:  get_class() expects parameter 1 to be object, null given in /Users/adi/Documents/clab/lazaro/indis/inc/utils.php on line 95
[15-Jan-2020 07:13:40 UTC] PHP Warning:  get_class() expects parameter 1 to be object, null given in /Users/adi/Documents/clab/lazaro/indis/inc/utils.php on line 95
[15-Jan-2020 08:00:13 UTC] PHP Notice:  Undefined variable: providedContext in /Users/adi/Documents/clab/lazaro/indis/inc/utils.php on line 91
[15-Jan-2020 08:00:13 UTC] PHP Notice:  Undefined variable: providedContext in /Users/adi/Documents/clab/lazaro/indis/inc/utils.php on line 82
[15-Jan-2020 08:00:13 UTC] PHP Notice:  Undefined variable: providedContext in /Users/adi/Documents/clab/lazaro/indis/inc/utils.php on line 91
[15-Jan-2020 08:00:13 UTC] PHP Notice:  Undefined variable: providedContext in /Users/adi/Documents/clab/lazaro/indis/inc/utils.php on line 91
[15-Jan-2020 08:00:13 UTC] PHP Notice:  Undefined variable: providedContext in /Users/adi/Documents/clab/lazaro/indis/inc/utils.php on line 82
[15-Jan-2020 08:00:13 UTC] PHP Notice:  Undefined variable: providedContext in /Users/adi/Documents/clab/lazaro/indis/inc/utils.php on line 91
[15-Jan-2020 08:00:13 UTC] PHP Notice:  Undefined variable: providedContext in /Users/adi/Documents/clab/lazaro/indis/inc/utils.php on line 91
[15-Jan-2020 08:00:13 UTC] PHP Notice:  Undefined variable: providedContext in /Users/adi/Documents/clab/lazaro/indis/inc/utils.php on line 91
[15-Jan-2020 08:00:13 UTC] PHP Notice:  Undefined variable: providedContext in /Users/adi/Documents/clab/lazaro/indis/inc/utils.php on line 91
[15-Jan-2020 08:00:13 UTC] PHP Notice:  Undefined variable: providedContext in /Users/adi/Documents/clab/lazaro/indis/inc/utils.php on line 91
[15-Jan-2020 08:00:13 UTC] PHP Notice:  Undefined variable: providedContext in /Users/adi/Documents/clab/lazaro/indis/inc/utils.php on line 91
[15-Jan-2020 08:00:13 UTC] PHP Notice:  Undefined variable: providedContext in /Users/adi/Documents/clab/lazaro/indis/inc/utils.php on line 91
[15-Jan-2020 08:00:14 UTC] PHP Notice:  Undefined variable: providedContext in /Users/adi/Documents/clab/lazaro/indis/inc/utils.php on line 91
[15-Jan-2020 08:00:14 UTC] PHP Notice:  Undefined variable: providedContext in /Users/adi/Documents/clab/lazaro/indis/inc/utils.php on line 91
[15-Jan-2020 08:00:14 UTC] PHP Notice:  Undefined variable: providedContext in /Users/adi/Documents/clab/lazaro/indis/inc/utils.php on line 91
[15-Jan-2020 08:00:14 UTC] PHP Notice:  Undefined variable: providedContext in /Users/adi/Documents/clab/lazaro/indis/inc/utils.php on line 91
[15-Jan-2020 08:00:14 UTC] PHP Notice:  Undefined variable: providedContext in /Users/adi/Documents/clab/lazaro/indis/inc/utils.php on line 91
[15-Jan-2020 08:00:14 UTC] PHP Notice:  Undefined variable: providedContext in /Users/adi/Documents/clab/lazaro/indis/inc/utils.php on line 91
[15-Jan-2020 08:00:14 UTC] PHP Notice:  Undefined variable: providedContext in /Users/adi/Documents/clab/lazaro/indis/inc/utils.php on line 91
[15-Jan-2020 08:00:43 UTC] PHP Notice:  Undefined variable: providedContext in /Users/adi/Documents/clab/lazaro/indis/inc/utils.php on line 82
[15-Jan-2020 08:00:44 UTC] PHP Notice:  Undefined variable: providedContext in /Users/adi/Documents/clab/lazaro/indis/inc/utils.php on line 82
[15-Jan-2020 08:31:39 UTC] PHP Warning:  get_object_vars() expects parameter 1 to be object, array given in /Users/adi/Documents/clab/lazaro/indis/inc/utils.php on line 82
[15-Jan-2020 08:31:39 UTC] PHP Warning:  Invalid argument supplied for foreach() in /Users/adi/Documents/clab/lazaro/indis/pages/projects.php on line 18
[15-Jan-2020 08:32:02 UTC] PHP Warning:  get_object_vars() expects parameter 1 to be object, array given in /Users/adi/Documents/clab/lazaro/indis/inc/utils.php on line 82
[15-Jan-2020 09:02:20 UTC] PHP Fatal error:  Uncaught ArgumentCountError: Too few arguments to function getPostsOf(), 1 passed in /Users/adi/Documents/clab/lazaro/indis/inc/above.php on line 15 and exactly 2 expected in /Users/adi/Documents/clab/lazaro/indis/inc/utils.php:60
Stack trace:
#0 /Users/adi/Documents/clab/lazaro/indis/inc/above.php(15): getPostsOf('page')
#1 /Users/adi/Documents/clab/lazaro/indis/pages/home.php(12): require_once('/Users/adi/Docu...')
#2 /Users/adi/Documents/clab/lazaro/indis/index.php(32): require_once('/Users/adi/Docu...')
#3 {main}
  thrown in /Users/adi/Documents/clab/lazaro/indis/inc/utils.php on line 60
[15-Jan-2020 12:30:07 UTC] PHP Notice:  Undefined variable: amenities in /Users/adi/Documents/clab/lazaro/indis/pages/projects.php on line 754
[15-Jan-2020 12:30:07 UTC] PHP Warning:  Invalid argument supplied for foreach() in /Users/adi/Documents/clab/lazaro/indis/pages/projects.php on line 754
[15-Jan-2020 12:30:07 UTC] PHP Notice:  Undefined variable: amenities in /Users/adi/Documents/clab/lazaro/indis/pages/projects.php on line 760
[15-Jan-2020 12:30:07 UTC] PHP Warning:  Invalid argument supplied for foreach() in /Users/adi/Documents/clab/lazaro/indis/pages/projects.php on line 760
[15-Jan-2020 12:30:07 UTC] PHP Notice:  Undefined variable: amenities in /Users/adi/Documents/clab/lazaro/indis/pages/projects.php on line 765
[15-Jan-2020 12:30:07 UTC] PHP Warning:  Invalid argument supplied for foreach() in /Users/adi/Documents/clab/lazaro/indis/pages/projects.php on line 765
